<?xml version="1.0" encoding="UTF-8"?>
<testsuite xmlns:xsi="http://www.w3.org/2001/XMLSchema-instance" xsi:noNamespaceSchemaLocation="https://maven.apache.org/surefire/maven-surefire-plugin/xsd/surefire-test-report.xsd" name="com.tp.urn.SystemTest" time="0.486" tests="5" errors="0" skipped="0" failures="0">
  <properties>
[...]
</properties>
  <testcase name="invalidar_urna_se_tres_erros" classname="com.tp.urn.SystemTest" time="0.088"/>
  <testcase name="votacao_com_titulos_errados" classname="com.tp.urn.SystemTest" time="0.076"/>
  <testcase name="votacao_apenas_votos_invalidos" classname="com.tp.urn.SystemTest" time="0.034"/>
  <testcase name="votacao_sem_problemas" classname="com.tp.urn.SystemTest" time="0.069"/>
  <testcase name="urna_fechada_sem_votos" classname="com.tp.urn.SystemTest" time="0.03"/>
</testsuite>