<?xml version="1.0" encoding="UTF-8"?>
<testsuite xmlns:xsi="http://www.w3.org/2001/XMLSchema-instance" xsi:noNamespaceSchemaLocation="https://maven.apache.org/surefire/maven-surefire-plugin/xsd/surefire-test-report.xsd" name="com.tp.urn.UrnTest" time="0.342" tests="22" errors="0" skipped="0" failures="0">
  <properties>
[...]
</properties>
  <testcase name="AuthenticateVoter_WrongTitle_Failure" classname="com.tp.urn.UrnTest" time="0"/>
  <testcase name="ReadVoterCandidates_VoteNull_Success" classname="com.tp.urn.UrnTest" time="0"/>
  <testcase name="AuthenticateVoter_CorrectTitle_Success" classname="com.tp.urn.UrnTest" time="0"/>
  <testcase name="ReadVoterCandidates_CorrectVotes_Success" classname="com.tp.urn.UrnTest" time="0.029"/>
  <testcase name="ReadVoterCandidates_WrongVotes_Failure" classname="com.tp.urn.UrnTest" time="0.043"/>
  <testcase name="AllTypesOfNullVote" classname="com.tp.urn.UrnTest" time="0.025"/>
  <testcase name="NullIfVoteInexistentVote" classname="com.tp.urn.UrnTest" time="0.028"/>
  <testcase name="NullElectionWithMixedInvalidVotes" classname="com.tp.urn.UrnTest" time="0.009"/>
  <testcase name="StartOfVotingSession_WrongPassword_Failure" classname="com.tp.urn.UrnTest" time="0.019"/>
  <testcase name="TryToEnd_EmptyTitle" classname="com.tp.urn.UrnTest" time="0.008"/>
  <testcase name="Main_110Inputs_RunsBefore1Sec" classname="com.tp.urn.UrnTest" time="0.06"/>
  <testcase name="TryToEnd_WrongPassword_Failure" classname="com.tp.urn.UrnTest" time="0.012"/>
  <testcase name="testPresidenceTies" classname="com.tp.urn.UrnTest" time="0.009"/>
  <testcase name="TryToEnd_WrongTitleFormatSpecialCharacters" classname="com.tp.urn.UrnTest" time="0.008"/>
  <testcase name="TestAllValidVotes" classname="com.tp.urn.UrnTest" time="0.013"/>
  <testcase name="ReadVoterCandidates_VoteBranco_Success" classname="com.tp.urn.UrnTest" time="0.009"/>
  <testcase name="TryToEnd_UserEndsSession" classname="com.tp.urn.UrnTest" time="0.006"/>
  <testcase name="AuthenticateVoter_TryToVoteTwice_Failure" classname="com.tp.urn.UrnTest" time="0.013"/>
  <testcase name="TryToEnd_CorrectPassword_Success" classname="com.tp.urn.UrnTest" time="0.007"/>
  <testcase name="testCongressmenTies" classname="com.tp.urn.UrnTest" time="0.006"/>
  <testcase name="TryToEnd_WrongTitleFormat" classname="com.tp.urn.UrnTest" time="0.008"/>
  <testcase name="StartOfVotingSession_CorrectPassword_Success" classname="com.tp.urn.UrnTest" time="0.007"/>
</testsuite>